Determining if the pthread_create exist failed with the following output:
Change Dir: /home/vade9658/programmiersprachen-aufgabenblatt-2/build/CMakeFiles/CMakeTmp

Run Build Command:"/usr/bin/make" "cmTC_5e3b4/fast"
/usr/bin/make -f CMakeFiles/cmTC_5e3b4.dir/build.make CMakeFiles/cmTC_5e3b4.dir/build
make[1]: Verzeichnis „/home/vade9658/programmiersprachen-aufgabenblatt-2/build/CMakeFiles/CMakeTmp“ wird betreten
Building C object CMakeFiles/cmTC_5e3b4.dir/CheckSymbolExists.c.o
/usr/bin/cc     -o CMakeFiles/cmTC_5e3b4.dir/CheckSymbolExists.c.o   -c /home/vade9658/programmiersprachen-aufgabenblatt-2/build/CMakeFiles/CMakeTmp/CheckSymbolExists.c
Linking C executable cmTC_5e3b4
/usr/bin/cmake -E cmake_link_script CMakeFiles/cmTC_5e3b4.dir/link.txt --verbose=1
/usr/bin/cc       CMakeFiles/cmTC_5e3b4.dir/CheckSymbolExists.c.o  -o cmTC_5e3b4 -rdynamic 
CMakeFiles/cmTC_5e3b4.dir/CheckSymbolExists.c.o: In function `main':
CheckSymbolExists.c:(.text+0x16): undefined reference to `pthread_create'
collect2: Fehler: ld gab 1 als Ende-Status zurück
CMakeFiles/cmTC_5e3b4.dir/build.make:97: die Regel für Ziel „cmTC_5e3b4“ scheiterte
make[1]: Verzeichnis „/home/vade9658/programmiersprachen-aufgabenblatt-2/build/CMakeFiles/CMakeTmp“ wird verlassen
make[1]: *** [cmTC_5e3b4] Fehler 1
Makefile:126: die Regel für Ziel „cmTC_5e3b4/fast“ scheiterte
make: *** [cmTC_5e3b4/fast] Fehler 2

File /home/vade9658/programmiersprachen-aufgabenblatt-2/build/CMakeFiles/CMakeTmp/CheckSymbolExists.c:
/* */
#include <pthread.h>

int main(int argc, char** argv)
{
  (void)argv;
#ifndef pthread_create
  return ((int*)(&pthread_create))[argc];
#else
  (void)argc;
  return 0;
#endif
}

Determining if the function pthread_create exists in the pthreads failed with the following output:
Change Dir: /home/vade9658/programmiersprachen-aufgabenblatt-2/build/CMakeFiles/CMakeTmp

Run Build Command:"/usr/bin/make" "cmTC_93aa6/fast"
/usr/bin/make -f CMakeFiles/cmTC_93aa6.dir/build.make CMakeFiles/cmTC_93aa6.dir/build
make[1]: Verzeichnis „/home/vade9658/programmiersprachen-aufgabenblatt-2/build/CMakeFiles/CMakeTmp“ wird betreten
Building C object CMakeFiles/cmTC_93aa6.dir/CheckFunctionExists.c.o
/usr/bin/cc    -DCHECK_FUNCTION_EXISTS=pthread_create   -o CMakeFiles/cmTC_93aa6.dir/CheckFunctionExists.c.o   -c /usr/share/cmake-3.4/Modules/CheckFunctionExists.c
Linking C executable cmTC_93aa6
/usr/bin/cmake -E cmake_link_script CMakeFiles/cmTC_93aa6.dir/link.txt --verbose=1
/usr/bin/cc   -DCHECK_FUNCTION_EXISTS=pthread_create    CMakeFiles/cmTC_93aa6.dir/CheckFunctionExists.c.o  -o cmTC_93aa6 -rdynamic -lpthreads 
/usr/bin/ld: cannot find -lpthreads
collect2: Fehler: ld gab 1 als Ende-Status zurück
CMakeFiles/cmTC_93aa6.dir/build.make:97: die Regel für Ziel „cmTC_93aa6“ scheiterte
make[1]: *** [cmTC_93aa6] Fehler 1
make[1]: Verzeichnis „/home/vade9658/programmiersprachen-aufgabenblatt-2/build/CMakeFiles/CMakeTmp“ wird verlassen
Makefile:126: die Regel für Ziel „cmTC_93aa6/fast“ scheiterte
make: *** [cmTC_93aa6/fast] Fehler 2


Determining if the function glXGetProcAddressEXT exists failed with the following output:
Change Dir: /home/vade9658/programmiersprachen-aufgabenblatt-2/build/CMakeFiles/CMakeTmp

Run Build Command:"/usr/bin/make" "cmTC_ea6d4/fast"
/usr/bin/make -f CMakeFiles/cmTC_ea6d4.dir/build.make CMakeFiles/cmTC_ea6d4.dir/build
make[1]: Verzeichnis „/home/vade9658/programmiersprachen-aufgabenblatt-2/build/CMakeFiles/CMakeTmp“ wird betreten
Building C object CMakeFiles/cmTC_ea6d4.dir/CheckFunctionExists.c.o
/usr/bin/cc    -DCHECK_FUNCTION_EXISTS=glXGetProcAddressEXT   -o CMakeFiles/cmTC_ea6d4.dir/CheckFunctionExists.c.o   -c /usr/share/cmake-3.4/Modules/CheckFunctionExists.c
Linking C executable cmTC_ea6d4
/usr/bin/cmake -E cmake_link_script CMakeFiles/cmTC_ea6d4.dir/link.txt --verbose=1
/usr/bin/cc   -DCHECK_FUNCTION_EXISTS=glXGetProcAddressEXT    CMakeFiles/cmTC_ea6d4.dir/CheckFunctionExists.c.o  -o cmTC_ea6d4 -rdynamic /usr/lib64/libGL.so 
CMakeFiles/cmTC_ea6d4.dir/CheckFunctionExists.c.o: In function `main':
CheckFunctionExists.c:(.text+0x15): undefined reference to `glXGetProcAddressEXT'
collect2: Fehler: ld gab 1 als Ende-Status zurück
CMakeFiles/cmTC_ea6d4.dir/build.make:98: die Regel für Ziel „cmTC_ea6d4“ scheiterte
make[1]: Verzeichnis „/home/vade9658/programmiersprachen-aufgabenblatt-2/build/CMakeFiles/CMakeTmp“ wird verlassen
make[1]: *** [cmTC_ea6d4] Fehler 1
Makefile:126: die Regel für Ziel „cmTC_ea6d4/fast“ scheiterte
make: *** [cmTC_ea6d4/fast] Fehler 2


